[debug] [2024-02-13T00:42:21.352Z] ----------------------------------------------------------------------
[debug] [2024-02-13T00:42:21.360Z] Command:       /usr/local/bin/node /usr/local/bin/firebase init
[debug] [2024-02-13T00:42:21.360Z] CLI Version:   13.2.1
[debug] [2024-02-13T00:42:21.361Z] Platform:      darwin
[debug] [2024-02-13T00:42:21.361Z] Node Version:  v21.4.0
[debug] [2024-02-13T00:42:21.361Z] Time:          Mon Feb 12 2024 20:42:21 GMT-0400 (Atlantic Standard Time)
[debug] [2024-02-13T00:42:21.362Z] ----------------------------------------------------------------------
[debug] 
[debug] [2024-02-13T00:42:21.373Z] > command requires scopes: ["email","openid","https://www.googleapis.com/auth/cloudplatformprojects.readonly","https://www.googleapis.com/auth/firebase","https://www.googleapis.com/auth/cloud-platform"]
[debug] [2024-02-13T00:42:21.373Z] > authorizing via signed-in user (jeremyinoa67@gmail.com)
[info] 
     ######## #### ########  ######## ########     ###     ######  ########
     ##        ##  ##     ## ##       ##     ##  ##   ##  ##       ##
     ######    ##  ########  ######   ########  #########  ######  ######
     ##        ##  ##    ##  ##       ##     ## ##     ##       ## ##
     ##       #### ##     ## ######## ########  ##     ##  ######  ########

You're about to initialize a Firebase project in this directory:

  /Users/admin/Documents/CodingProjects/financify-api

[info] 
=== Project Setup
[info] 
[info] First, let's associate this project directory with a Firebase project.
[info] You can create multiple project aliases by running firebase use --add, 
[info] but for now we'll just set up a default project.
[info] 
[debug] [2024-02-13T00:43:22.876Z] >>> [apiv2][query] GET https://firebase.googleapis.com/v1beta1/projects pageSize=100
[debug] [2024-02-13T00:43:23.738Z] <<< [apiv2][status] GET https://firebase.googleapis.com/v1beta1/projects 200
[debug] [2024-02-13T00:43:23.738Z] <<< [apiv2][body] GET https://firebase.googleapis.com/v1beta1/projects [omitted]
[info] i  Using project financify-a6517 (financify) 
[info] 
=== Hosting Setup
[debug] [2024-02-13T00:43:25.890Z] >>> [apiv2][query] GET https://firebase.googleapis.com/v1beta1/projects/financify-a6517 [none]
[debug] [2024-02-13T00:43:26.133Z] <<< [apiv2][status] GET https://firebase.googleapis.com/v1beta1/projects/financify-a6517 200
[debug] [2024-02-13T00:43:26.133Z] <<< [apiv2][body] GET https://firebase.googleapis.com/v1beta1/projects/financify-a6517 {"projectId":"financify-a6517","projectNumber":"344084328145","displayName":"financify","name":"projects/financify-a6517","resources":{"hostingSite":"financify-a6517"},"state":"ACTIVE","etag":"1_b76d70b3-addb-47dd-ad4f-fa9038d0fa71"}
[info] 
[info] Your public directory is the folder (relative to your project directory) that
[info] will contain Hosting assets to be uploaded with firebase deploy. If you
[info] have a build process for your assets, use your build's output directory.
[info] 
[debug] [2024-02-13T00:43:40.396Z] >>> [apiv2][query] GET https://www.gstatic.com/firebasejs/releases.json [none]
[debug] [2024-02-13T00:43:40.556Z] <<< [apiv2][status] GET https://www.gstatic.com/firebasejs/releases.json 200
[debug] [2024-02-13T00:43:40.556Z] <<< [apiv2][body] GET https://www.gstatic.com/firebasejs/releases.json {"current":{"version":"10.8.0","browserURL":"https://www.gstatic.com/firebasejs/10.8.0/firebase.js","packageURL":"https://www.gstatic.com/firebasejs/10.8.0/firebase.tgz"},"live":{"version":"10.8","browserURL":"https://www.gstatic.com/firebasejs/live/10.8/firebase.js","packageURL":"https://www.gstatic.com/firebasejs/live/10.8/firebase.tgz"},"components":{"analytics":"https://www.gstatic.com/firebasejs/10.8.0/firebase-analytics.js","app":"https://www.gstatic.com/firebasejs/10.8.0/firebase-app.js","app-check":"https://www.gstatic.com/firebasejs/10.8.0/firebase-app-check.js","auth":"https://www.gstatic.com/firebasejs/10.8.0/firebase-auth.js","auth/cordova":"https://www.gstatic.com/firebasejs/10.8.0/firebase-auth/cordova.js","auth/web-extension":"https://www.gstatic.com/firebasejs/10.8.0/firebase-auth/web-extension.js","functions":"https://www.gstatic.com/firebasejs/10.8.0/firebase-functions.js","firestore":"https://www.gstatic.com/firebasejs/10.8.0/firebase-firestore.js","firestore/lite":"https://www.gstatic.com/firebasejs/10.8.0/firebase-firestore/lite.js","installations":"https://www.gstatic.com/firebasejs/10.8.0/firebase-installations.js","storage":"https://www.gstatic.com/firebasejs/10.8.0/firebase-storage.js","performance":"https://www.gstatic.com/firebasejs/10.8.0/firebase-performance.js","remote-config":"https://www.gstatic.com/firebasejs/10.8.0/firebase-remote-config.js","messaging":"https://www.gstatic.com/firebasejs/10.8.0/firebase-messaging.js","messaging/sw":"https://www.gstatic.com/firebasejs/10.8.0/firebase-messaging/sw.js","database":"https://www.gstatic.com/firebasejs/10.8.0/firebase-database.js","firestore.memory":"https://www.gstatic.com/firebasejs/10.8.0/firebase-firestore.memory.js"}}
[info] ✔  Wrote public/index.html 
[info] 
[info] i  Didn't detect a .git folder. Assuming /Users/admin/Documents/CodingProjects/financify-api is the project root. 
[info] i  Authorizing with GitHub to upload your service account to a GitHub repository's secrets store. 
[info] 
[info] Visit this URL on this device to log in:
[info] https://github.com/login/oauth/authorize?client_id=89cf50f02ac6aaed3484&state=652162255&redirect_uri=http%3A%2F%2Flocalhost%3A9005&scope=read%3Auser%20repo%20public_repo
[info] 
[info] Waiting for authentication...
[debug] [2024-02-13T00:43:49.595Z] >>> [apiv2][query] POST https://github.com/login/oauth/access_token [none]
[debug] [2024-02-13T00:43:49.595Z] >>> [apiv2][body] POST https://github.com/login/oauth/access_token [stream]
[debug] [2024-02-13T00:43:49.891Z] <<< [apiv2][status] POST https://github.com/login/oauth/access_token 200
[debug] [2024-02-13T00:43:49.891Z] <<< [apiv2][body] POST https://github.com/login/oauth/access_token {"access_token":"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","token_type":"bearer","scope":"read:user,repo"}
[debug] [2024-02-13T00:43:49.932Z] >>> [apiv2][query] GET https://api.github.com/user [none]
[debug] [2024-02-13T00:43:50.265Z] <<< [apiv2][status] GET https://api.github.com/user 200
[debug] [2024-02-13T00:43:50.266Z] <<< [apiv2][body] GET https://api.github.com/user {"login":"liljemery","id":112432349,"node_id":"U_kgDOBrOU3Q","avatar_url":"https://avatars.githubusercontent.com/u/112432349?v=4","gravatar_id":"","url":"https://api.github.com/users/liljemery","html_url":"https://github.com/liljemery","followers_url":"https://api.github.com/users/liljemery/followers","following_url":"https://api.github.com/users/liljemery/following{/other_user}","gists_url":"https://api.github.com/users/liljemery/gists{/gist_id}","starred_url":"https://api.github.com/users/liljemery/starred{/owner}{/repo}","subscriptions_url":"https://api.github.com/users/liljemery/subscriptions","organizations_url":"https://api.github.com/users/liljemery/orgs","repos_url":"https://api.github.com/users/liljemery/repos","events_url":"https://api.github.com/users/liljemery/events{/privacy}","received_events_url":"https://api.github.com/users/liljemery/received_events","type":"User","site_admin":false,"name":"Jeremy Inoa","company":null,"blog":"","location":null,"email":null,"hireable":true,"bio":null,"twitter_username":null,"public_repos":11,"public_gists":0,"followers":3,"following":5,"created_at":"2022-08-29T20:02:56Z","updated_at":"2024-02-04T20:34:19Z","private_gists":0,"total_private_repos":12,"owned_private_repos":12,"disk_usage":151956,"collaborators":0,"two_factor_authentication":false,"plan":{"name":"free","space":976562499,"collaborators":0,"private_repos":10000}}
[info] 
[info] ✔  Success! Logged into GitHub as liljemery 
[info] 
[debug] [2024-02-13T00:44:01.839Z] >>> [apiv2][query] GET https://api.github.com/repos//actions/secrets/public-key type=owner
[debug] [2024-02-13T00:44:02.131Z] <<< [apiv2][status] GET https://api.github.com/repos//actions/secrets/public-key 404
[debug] [2024-02-13T00:44:02.131Z] <<< [apiv2][body] GET https://api.github.com/repos//actions/secrets/public-key {"message":"Not Found","documentation_url":"https://docs.github.com/rest"}
[info] 
[info] 
[error] ⚠  The provided authorization cannot be used with this repository. If this repository is in an organization, did you remember to grant access? 
[info] 
[info] i  Action required: Visit this URL to ensure access has been granted to the appropriate organization(s) for the Firebase CLI GitHub OAuth App: 
[info] https://github.com/settings/connections/applications/89cf50f02ac6aaed3484
[info] 
